<?xml version="1.0" encoding="UTF-8"?>
<!-- Generated by org.testng.reporters.JUnitReportReporter -->
<testsuite hostname="LAPTOP-GFESOBHC" failures="0" tests="4" name="testCases.TC_003_LogInDDT" time="37.375" errors="0" timestamp="2022-06-30T15:20:45 EDT" skipped="0">
  <testcase classname="testCases.TC_003_LogInDDT" name="test_loginDDT" time="3.403"/>
  <system-out/>
  <testcase classname="testCases.TC_003_LogInDDT" name="test_loginDDT" time="11.412"/>
  <system-out/>
  <testcase classname="testCases.TC_003_LogInDDT" name="test_loginDDT" time="11.174"/>
  <system-out/>
  <testcase classname="testCases.TC_003_LogInDDT" name="test_loginDDT" time="11.386"/>
  <system-out/>
</testsuite> <!-- testCases.TC_003_LogInDDT -->
