<?xml version="1.0" encoding="UTF-8"?>
<!-- Generated by org.testng.reporters.JUnitReportReporter -->
<testsuite hostname="LAPTOP-GFESOBHC" failures="0" tests="1" name="testCases.TC_002_LogIN" time="2.318" errors="0" timestamp="2022-06-30T15:41:03 EDT" skipped="0">
  <testcase classname="testCases.TC_002_LogIN" name="test_LogIn" time="2.318"/>
  <system-out/>
</testsuite> <!-- testCases.TC_002_LogIN -->
