<?xml version="1.0" encoding="UTF-8"?>
<!-- Generated by org.testng.reporters.JUnitReportReporter -->
<testsuite hostname="LAPTOP-GFESOBHC" failures="0" tests="1" name="testCases.TC_001_AccountRegistration" time="4.848" errors="0" timestamp="2022-06-30T15:43:05 EDT" skipped="0">
  <testcase classname="testCases.TC_001_AccountRegistration" name="test_accountRegistrartion" time="4.848"/>
  <system-out/>
</testsuite> <!-- testCases.TC_001_AccountRegistration -->
