<?xml version="1.0" encoding="UTF-8"?>
<!-- Generated by org.testng.reporters.JUnitReportReporter -->
<testsuite skipped="0" hostname="LAPTOP-GFESOBHC" name="testCases.TC_001_AccountRegistration" tests="1" failures="0" timestamp="2022-06-30T20:05:09 EDT" time="4.821" errors="0">
  <testcase name="test_accountRegistrartion" time="4.821" classname="testCases.TC_001_AccountRegistration"/>
  <system-out/>
</testsuite> <!-- testCases.TC_001_AccountRegistration -->
