<?xml version="1.0" encoding="UTF-8"?>
<!-- Generated by org.testng.reporters.JUnitReportReporter -->
<testsuite skipped="0" hostname="LAPTOP-GFESOBHC" name="testCases.TC_002_LogIN" tests="1" failures="0" timestamp="2022-06-30T20:05:09 EDT" time="2.764" errors="0">
  <testcase name="test_LogIn" time="2.764" classname="testCases.TC_002_LogIN"/>
  <system-out/>
</testsuite> <!-- testCases.TC_002_LogIN -->
